<!DOCTYPE html>

<html>
  <head>
  <meta charset='utf-8'>
  <title>TestNG reports</title>

    <link type="text/css" href="testng-reports.css" rel="stylesheet" />
    <script type="text/javascript" src="jquery-3.4.1.min.js"></script>
    <script type="text/javascript" src="testng-reports.js"></script>
    <script type="text/javascript" src="https://www.google.com/jsapi"></script>
    <script type='text/javascript'>
      google.load('visualization', '1', {packages:['table']});
      google.setOnLoadCallback(drawTable);
      var suiteTableInitFunctions = new Array();
      var suiteTableData = new Array();
    </script>
    <!--
      <script type="text/javascript" src="jquery-ui/js/jquery-ui-1.8.16.custom.min.js"></script>
     -->
  </head>

  <body>
    <div class="top-banner-root">
      <span class="top-banner-title-font">Test results</span>
      <br/>
      <span class="top-banner-font-1">1 suite, 4 failed tests</span>
    </div> <!-- top-banner-root -->
    <div class="navigator-root">
      <div class="navigator-suite-header">
        <span>All suites</span>
        <a href="#" class="collapse-all-link" title="Collapse/expand all the suites">
          <img class="collapse-all-icon" src="collapseall.gif">
          </img> <!-- collapse-all-icon -->
        </a> <!-- collapse-all-link -->
      </div> <!-- navigator-suite-header -->
      <div class="suite">
        <div class="rounded-window">
          <div class="suite-header light-rounded-window-top">
            <a href="#" class="navigator-link" panel-name="suite-InetBankingV1">
              <span class="suite-name border-failed">InetBankingV1</span>
            </a> <!-- navigator-link -->
          </div> <!-- suite-header light-rounded-window-top -->
          <div class="navigator-suite-content">
            <div class="suite-section-title">
              <span>Info</span>
            </div> <!-- suite-section-title -->
            <div class="suite-section-content">
              <ul>
                <li>
                  <a href="#" class="navigator-link " panel-name="test-xml-InetBankingV1">
                    <span>C:\Users\Shamara\Desktop\MyWork\Prof Dev\Testing\Automation Testing Framework Project\inetBankingV1\TestNG.xml</span>
                  </a> <!-- navigator-link  -->
                </li>
                <li>
                  <a href="#" class="navigator-link " panel-name="testlist-InetBankingV1">
                    <span class="test-stats">1 test</span>
                  </a> <!-- navigator-link  -->
                </li>
                <li>
                  <a href="#" class="navigator-link " panel-name="group-InetBankingV1">
                    <span>0 groups</span>
                  </a> <!-- navigator-link  -->
                </li>
                <li>
                  <a href="#" class="navigator-link " panel-name="times-InetBankingV1">
                    <span>Times</span>
                  </a> <!-- navigator-link  -->
                </li>
                <li>
                  <a href="#" class="navigator-link " panel-name="reporter-InetBankingV1">
                    <span>Reporter output</span>
                  </a> <!-- navigator-link  -->
                </li>
                <li>
                  <a href="#" class="navigator-link " panel-name="ignored-methods-InetBankingV1">
                    <span>Ignored methods</span>
                  </a> <!-- navigator-link  -->
                </li>
                <li>
                  <a href="#" class="navigator-link " panel-name="chronological-InetBankingV1">
                    <span>Chronological view</span>
                  </a> <!-- navigator-link  -->
                </li>
              </ul>
            </div> <!-- suite-section-content -->
            <div class="result-section">
              <div class="suite-section-title">
                <span>Results</span>
              </div> <!-- suite-section-title -->
              <div class="suite-section-content">
                <ul>
                  <li>
                    <span class="method-stats">7 methods, 4 failed,   3 passed</span>
                  </li>
                  <li>
                    <span class="method-list-title failed">Failed methods</span>
                    <span class="show-or-hide-methods failed">
                      <a href="#" panel-name="suite-InetBankingV1" class="hide-methods failed suite-InetBankingV1"> (hide)</a> <!-- hide-methods failed suite-InetBankingV1 -->
                      <a href="#" panel-name="suite-InetBankingV1" class="show-methods failed suite-InetBankingV1"> (show)</a> <!-- show-methods failed suite-InetBankingV1 -->
                    </span>
                    <div class="method-list-content failed suite-InetBankingV1">
                      <span>
                        <img width="3%" src="failed.png"/>
                        <a href="#" class="method navigator-link" panel-name="suite-InetBankingV1" title="com.inetBanking.testCases.TC_LoginDDT_002" hash-for-method="loginDDT(mngr164225, jahetAp)">loginDDT(mngr164225, jahetAp)</a> <!-- method navigator-link -->
                      </span>
                      <br/>
                      <span>
                        <img width="3%" src="failed.png"/>
                        <a href="#" class="method navigator-link" panel-name="suite-InetBankingV1" title="com.inetBanking.testCases.TC_LoginDDT_002" hash-for-method="loginDDT(mngr112909, tytUreg)">loginDDT(mngr112909, tytUreg)</a> <!-- method navigator-link -->
                      </span>
                      <br/>
                      <span>
                        <img width="3%" src="failed.png"/>
                        <a href="#" class="method navigator-link" panel-name="suite-InetBankingV1" title="com.inetBanking.testCases.TC_LoginDDT_002" hash-for-method="loginDDT(mngr83460, qAbUzyj)">loginDDT(mngr83460, qAbUzyj)</a> <!-- method navigator-link -->
                      </span>
                      <br/>
                      <span>
                        <img width="3%" src="failed.png"/>
                        <a href="#" class="method navigator-link" panel-name="suite-InetBankingV1" title="com.inetBanking.testCases.TC_LoginDDT_002" hash-for-method="loginDDT(mngr137319, bAdYvyb)">loginDDT(mngr137319, bAdYvyb)</a> <!-- method navigator-link -->
                      </span>
                      <br/>
                    </div> <!-- method-list-content failed suite-InetBankingV1 -->
                  </li>
                  <li>
                    <span class="method-list-title passed">Passed methods</span>
                    <span class="show-or-hide-methods passed">
                      <a href="#" panel-name="suite-InetBankingV1" class="hide-methods passed suite-InetBankingV1"> (hide)</a> <!-- hide-methods passed suite-InetBankingV1 -->
                      <a href="#" panel-name="suite-InetBankingV1" class="show-methods passed suite-InetBankingV1"> (show)</a> <!-- show-methods passed suite-InetBankingV1 -->
                    </span>
                    <div class="method-list-content passed suite-InetBankingV1">
                      <span>
                        <img width="3%" src="passed.png"/>
                        <a href="#" class="method navigator-link" panel-name="suite-InetBankingV1" title="com.inetBanking.testCases.TC_AddCustomerTest_003" hash-for-method="addNewCustomer">addNewCustomer</a> <!-- method navigator-link -->
                      </span>
                      <br/>
                      <span>
                        <img width="3%" src="passed.png"/>
                        <a href="#" class="method navigator-link" panel-name="suite-InetBankingV1" title="com.inetBanking.testCases.TC_LoginDDT_002" hash-for-method="loginDDT(mngr378387, hUbapAm)">loginDDT(mngr378387, hUbapAm)</a> <!-- method navigator-link -->
                      </span>
                      <br/>
                      <span>
                        <img width="3%" src="passed.png"/>
                        <a href="#" class="method navigator-link" panel-name="suite-InetBankingV1" title="com.inetBanking.testCases.TC_LoginTest_001" hash-for-method="loginTest">loginTest</a> <!-- method navigator-link -->
                      </span>
                      <br/>
                    </div> <!-- method-list-content passed suite-InetBankingV1 -->
                  </li>
                </ul>
              </div> <!-- suite-section-content -->
            </div> <!-- result-section -->
          </div> <!-- navigator-suite-content -->
        </div> <!-- rounded-window -->
      </div> <!-- suite -->
    </div> <!-- navigator-root -->
    <div class="wrapper">
      <div class="main-panel-root">
        <div panel-name="suite-InetBankingV1" class="panel InetBankingV1">
          <div class="suite-InetBankingV1-class-failed">
            <div class="main-panel-header rounded-window-top">
              <img src="failed.png"/>
              <span class="class-name">com.inetBanking.testCases.TC_LoginDDT_002</span>
            </div> <!-- main-panel-header rounded-window-top -->
            <div class="main-panel-content rounded-window-bottom">
              <div class="method">
                <div class="method-content">
                  <a name="loginDDT(mngr164225, jahetAp)">
                  </a> <!-- loginDDT(mngr164225, jahetAp) -->
                  <span class="method-name">loginDDT</span>
                  <span class="parameters">(mngr164225, jahetAp)</span>
                  <div class="stack-trace">java.lang.AssertionError: expected [true] but found [false]
	at com.inetBanking.testCases.TC_LoginDDT_002.loginDDT(TC_LoginDDT_002.java:32)
	at java.util.ArrayList.forEach(ArrayList.java:1259)
... Removed 35 stack frames
</div> <!-- stack-trace -->
                </div> <!-- method-content -->
              </div> <!-- method -->
              <div class="method">
                <div class="method-content">
                  <a name="loginDDT(mngr112909, tytUreg)">
                  </a> <!-- loginDDT(mngr112909, tytUreg) -->
                  <span class="method-name">loginDDT</span>
                  <span class="parameters">(mngr112909, tytUreg)</span>
                  <div class="stack-trace">org.openqa.selenium.UnhandledAlertException: unexpected alert open: {Alert text : User or Password is not valid}
  (Session info: chrome=97.0.4692.71): User or Password is not valid
Build info: version: &apos;4.0.0&apos;, revision: &apos;3a21814679&apos;
System info: host: &apos;DESKTOP-OM8VAPG&apos;, ip: &apos;192.168.1.5&apos;, os.name: &apos;Windows 10&apos;, os.arch: &apos;amd64&apos;, os.version: &apos;10.0&apos;, java.version: &apos;1.8.0_311&apos;
Driver info: org.openqa.selenium.chrome.ChromeDriver
Command: [c824a21cac9fa7d908d0f8dc39fda7c1, findElement {using=name, value=uid}]
Capabilities {acceptInsecureCerts: false, browserName: chrome, browserVersion: 97.0.4692.71, chrome: {chromedriverVersion: 96.0.4664.45 (76e4c1bb2ab46..., userDataDir: C:\Users\Shamara\AppData\Lo...}, goog:chromeOptions: {debuggerAddress: localhost:49382}, javascriptEnabled: true, networkConnectionEnabled: false, pageLoadStrategy: normal, platform: WINDOWS, platformName: WINDOWS, proxy: Proxy(), se:cdp: ws://localhost:49382/devtoo..., se:cdpVersion: 97.0.4692.71, setWindowRect: true, strictFileInteractability: false, timeouts: {implicit: 0, pageLoad: 300000, script: 30000}, unhandledPromptBehavior: dismiss and notify, webauthn:extension:credBlob: true, webauthn:extension:largeBlob: true, webauthn:virtualAuthenticators: true}
Session ID: c824a21cac9fa7d908d0f8dc39fda7c1
	at org.openqa.selenium.remote.codec.w3c.W3CHttpResponseCodec.decode(W3CHttpResponseCodec.java:131)
	at org.openqa.selenium.remote.codec.w3c.W3CHttpResponseCodec.decode(W3CHttpResponseCodec.java:53)
	at org.openqa.selenium.remote.HttpCommandExecutor.execute(HttpCommandExecutor.java:184)
	at org.openqa.selenium.remote.service.DriverCommandExecutor.invokeExecute(DriverCommandExecutor.java:164)
	at org.openqa.selenium.remote.service.DriverCommandExecutor.execute(DriverCommandExecutor.java:139)
	at org.openqa.selenium.remote.RemoteWebDriver.execute(RemoteWebDriver.java:559)
	at org.openqa.selenium.remote.ElementLocation$ElementFinder$2.findElement(ElementLocation.java:162)
	at org.openqa.selenium.remote.ElementLocation.findElement(ElementLocation.java:60)
	at org.openqa.selenium.remote.RemoteWebDriver.findElement(RemoteWebDriver.java:383)
	at org.openqa.selenium.remote.RemoteWebDriver.findElement(RemoteWebDriver.java:375)
	at org.openqa.selenium.support.pagefactory.DefaultElementLocator.findElement(DefaultElementLocator.java:70)
	at org.openqa.selenium.support.pagefactory.internal.LocatingElementHandler.invoke(LocatingElementHandler.java:39)
	at com.sun.proxy.$Proxy17.sendKeys(Unknown Source)
	at com.inetBanking.pageObjects.LoginPage.setUserName(LoginPage.java:40)
	at com.inetBanking.testCases.TC_LoginDDT_002.loginDDT(TC_LoginDDT_002.java:20)
	at java.util.ArrayList.forEach(ArrayList.java:1259)
... Removed 31 stack frames
</div> <!-- stack-trace -->
                </div> <!-- method-content -->
              </div> <!-- method -->
              <div class="method">
                <div class="method-content">
                  <a name="loginDDT(mngr83460, qAbUzyj)">
                  </a> <!-- loginDDT(mngr83460, qAbUzyj) -->
                  <span class="method-name">loginDDT</span>
                  <span class="parameters">(mngr83460, qAbUzyj)</span>
                  <div class="stack-trace">java.lang.AssertionError: expected [true] but found [false]
	at com.inetBanking.testCases.TC_LoginDDT_002.loginDDT(TC_LoginDDT_002.java:32)
	at java.util.ArrayList.forEach(ArrayList.java:1259)
... Removed 35 stack frames
</div> <!-- stack-trace -->
                </div> <!-- method-content -->
              </div> <!-- method -->
              <div class="method">
                <div class="method-content">
                  <a name="loginDDT(mngr137319, bAdYvyb)">
                  </a> <!-- loginDDT(mngr137319, bAdYvyb) -->
                  <span class="method-name">loginDDT</span>
                  <span class="parameters">(mngr137319, bAdYvyb)</span>
                  <div class="stack-trace">org.openqa.selenium.UnhandledAlertException: unexpected alert open: {Alert text : User or Password is not valid}
  (Session info: chrome=97.0.4692.71): User or Password is not valid
Build info: version: &apos;4.0.0&apos;, revision: &apos;3a21814679&apos;
System info: host: &apos;DESKTOP-OM8VAPG&apos;, ip: &apos;192.168.1.5&apos;, os.name: &apos;Windows 10&apos;, os.arch: &apos;amd64&apos;, os.version: &apos;10.0&apos;, java.version: &apos;1.8.0_311&apos;
Driver info: org.openqa.selenium.chrome.ChromeDriver
Command: [c824a21cac9fa7d908d0f8dc39fda7c1, findElement {using=name, value=uid}]
Capabilities {acceptInsecureCerts: false, browserName: chrome, browserVersion: 97.0.4692.71, chrome: {chromedriverVersion: 96.0.4664.45 (76e4c1bb2ab46..., userDataDir: C:\Users\Shamara\AppData\Lo...}, goog:chromeOptions: {debuggerAddress: localhost:49382}, javascriptEnabled: true, networkConnectionEnabled: false, pageLoadStrategy: normal, platform: WINDOWS, platformName: WINDOWS, proxy: Proxy(), se:cdp: ws://localhost:49382/devtoo..., se:cdpVersion: 97.0.4692.71, setWindowRect: true, strictFileInteractability: false, timeouts: {implicit: 0, pageLoad: 300000, script: 30000}, unhandledPromptBehavior: dismiss and notify, webauthn:extension:credBlob: true, webauthn:extension:largeBlob: true, webauthn:virtualAuthenticators: true}
Session ID: c824a21cac9fa7d908d0f8dc39fda7c1
	at org.openqa.selenium.remote.codec.w3c.W3CHttpResponseCodec.decode(W3CHttpResponseCodec.java:131)
	at org.openqa.selenium.remote.codec.w3c.W3CHttpResponseCodec.decode(W3CHttpResponseCodec.java:53)
	at org.openqa.selenium.remote.HttpCommandExecutor.execute(HttpCommandExecutor.java:184)
	at org.openqa.selenium.remote.service.DriverCommandExecutor.invokeExecute(DriverCommandExecutor.java:164)
	at org.openqa.selenium.remote.service.DriverCommandExecutor.execute(DriverCommandExecutor.java:139)
	at org.openqa.selenium.remote.RemoteWebDriver.execute(RemoteWebDriver.java:559)
	at org.openqa.selenium.remote.ElementLocation$ElementFinder$2.findElement(ElementLocation.java:162)
	at org.openqa.selenium.remote.ElementLocation.findElement(ElementLocation.java:60)
	at org.openqa.selenium.remote.RemoteWebDriver.findElement(RemoteWebDriver.java:383)
	at org.openqa.selenium.remote.RemoteWebDriver.findElement(RemoteWebDriver.java:375)
	at org.openqa.selenium.support.pagefactory.DefaultElementLocator.findElement(DefaultElementLocator.java:70)
	at org.openqa.selenium.support.pagefactory.internal.LocatingElementHandler.invoke(LocatingElementHandler.java:39)
	at com.sun.proxy.$Proxy17.sendKeys(Unknown Source)
	at com.inetBanking.pageObjects.LoginPage.setUserName(LoginPage.java:40)
	at com.inetBanking.testCases.TC_LoginDDT_002.loginDDT(TC_LoginDDT_002.java:20)
	at java.util.ArrayList.forEach(ArrayList.java:1259)
... Removed 31 stack frames
</div> <!-- stack-trace -->
                </div> <!-- method-content -->
              </div> <!-- method -->
            </div> <!-- main-panel-content rounded-window-bottom -->
          </div> <!-- suite-InetBankingV1-class-failed -->
          <div class="suite-InetBankingV1-class-passed">
            <div class="main-panel-header rounded-window-top">
              <img src="passed.png"/>
              <span class="class-name">com.inetBanking.testCases.TC_LoginDDT_002</span>
            </div> <!-- main-panel-header rounded-window-top -->
            <div class="main-panel-content rounded-window-bottom">
              <div class="method">
                <div class="method-content">
                  <a name="loginDDT(mngr378387, hUbapAm)">
                  </a> <!-- loginDDT(mngr378387, hUbapAm) -->
                  <span class="method-name">loginDDT</span>
                  <span class="parameters">(mngr378387, hUbapAm)</span>
                </div> <!-- method-content -->
              </div> <!-- method -->
            </div> <!-- main-panel-content rounded-window-bottom -->
          </div> <!-- suite-InetBankingV1-class-passed -->
          <div class="suite-InetBankingV1-class-passed">
            <div class="main-panel-header rounded-window-top">
              <img src="passed.png"/>
              <span class="class-name">com.inetBanking.testCases.TC_LoginTest_001</span>
            </div> <!-- main-panel-header rounded-window-top -->
            <div class="main-panel-content rounded-window-bottom">
              <div class="method">
                <div class="method-content">
                  <a name="loginTest">
                  </a> <!-- loginTest -->
                  <span class="method-name">loginTest</span>
                </div> <!-- method-content -->
              </div> <!-- method -->
            </div> <!-- main-panel-content rounded-window-bottom -->
          </div> <!-- suite-InetBankingV1-class-passed -->
          <div class="suite-InetBankingV1-class-passed">
            <div class="main-panel-header rounded-window-top">
              <img src="passed.png"/>
              <span class="class-name">com.inetBanking.testCases.TC_AddCustomerTest_003</span>
            </div> <!-- main-panel-header rounded-window-top -->
            <div class="main-panel-content rounded-window-bottom">
              <div class="method">
                <div class="method-content">
                  <a name="addNewCustomer">
                  </a> <!-- addNewCustomer -->
                  <span class="method-name">addNewCustomer</span>
                </div> <!-- method-content -->
              </div> <!-- method -->
            </div> <!-- main-panel-content rounded-window-bottom -->
          </div> <!-- suite-InetBankingV1-class-passed -->
        </div> <!-- panel InetBankingV1 -->
        <div panel-name="test-xml-InetBankingV1" class="panel">
          <div class="main-panel-header rounded-window-top">
            <span class="header-content">C:\Users\Shamara\Desktop\MyWork\Prof Dev\Testing\Automation Testing Framework Project\inetBankingV1\TestNG.xml</span>
          </div> <!-- main-panel-header rounded-window-top -->
          <div class="main-panel-content rounded-window-bottom">
            <pre>
&lt;?xml version=&quot;1.0&quot; encoding=&quot;UTF-8&quot;?&gt;
&lt;!DOCTYPE suite SYSTEM &quot;https://testng.org/testng-1.0.dtd&quot;&gt;
&lt;suite guice-stage=&quot;DEVELOPMENT&quot; verbose=&quot;0&quot; name=&quot;InetBankingV1&quot;&gt;
  &lt;listeners&gt;
    &lt;listener class-name=&quot;com.inetBanking.utilities.Reporting&quot;/&gt;
  &lt;/listeners&gt;
  &lt;test thread-count=&quot;5&quot; verbose=&quot;0&quot; name=&quot;BankingApp Test1&quot;&gt;
    &lt;parameter name=&quot;browser&quot; value=&quot;chrome&quot;/&gt;
    &lt;classes&gt;
      &lt;class name=&quot;com.inetBanking.testCases.TC_LoginTest_001&quot;/&gt;
      &lt;class name=&quot;com.inetBanking.testCases.TC_LoginDDT_002&quot;/&gt;
      &lt;class name=&quot;com.inetBanking.testCases.TC_AddCustomerTest_003&quot;/&gt;
    &lt;/classes&gt;
  &lt;/test&gt; &lt;!-- BankingApp Test1 --&gt;
&lt;/suite&gt; &lt;!-- InetBankingV1 --&gt;
            </pre>
          </div> <!-- main-panel-content rounded-window-bottom -->
        </div> <!-- panel -->
        <div panel-name="testlist-InetBankingV1" class="panel">
          <div class="main-panel-header rounded-window-top">
            <span class="header-content">Tests for InetBankingV1</span>
          </div> <!-- main-panel-header rounded-window-top -->
          <div class="main-panel-content rounded-window-bottom">
            <ul>
              <li>
                <span class="test-name">BankingApp Test1 (3 classes)</span>
              </li>
            </ul>
          </div> <!-- main-panel-content rounded-window-bottom -->
        </div> <!-- panel -->
        <div panel-name="group-InetBankingV1" class="panel">
          <div class="main-panel-header rounded-window-top">
            <span class="header-content">Groups for InetBankingV1</span>
          </div> <!-- main-panel-header rounded-window-top -->
          <div class="main-panel-content rounded-window-bottom">
          </div> <!-- main-panel-content rounded-window-bottom -->
        </div> <!-- panel -->
        <div panel-name="times-InetBankingV1" class="panel">
          <div class="main-panel-header rounded-window-top">
            <span class="header-content">Times for InetBankingV1</span>
          </div> <!-- main-panel-header rounded-window-top -->
          <div class="main-panel-content rounded-window-bottom">
            <div class="times-div">
              <script type="text/javascript">
suiteTableInitFunctions.push('tableData_InetBankingV1');
function tableData_InetBankingV1() {
var data = new google.visualization.DataTable();
data.addColumn('number', 'Number');
data.addColumn('string', 'Method');
data.addColumn('string', 'Class');
data.addColumn('number', 'Time (ms)');
data.addRows(7);
data.setCell(0, 0, 0)
data.setCell(0, 1, 'addNewCustomer')
data.setCell(0, 2, 'com.inetBanking.testCases.TC_AddCustomerTest_003')
data.setCell(0, 3, 21166);
data.setCell(1, 0, 1)
data.setCell(1, 1, 'loginDDT')
data.setCell(1, 2, 'com.inetBanking.testCases.TC_LoginDDT_002')
data.setCell(1, 3, 12516);
data.setCell(2, 0, 2)
data.setCell(2, 1, 'loginDDT')
data.setCell(2, 2, 'com.inetBanking.testCases.TC_LoginDDT_002')
data.setCell(2, 3, 5745);
data.setCell(3, 0, 3)
data.setCell(3, 1, 'loginDDT')
data.setCell(3, 2, 'com.inetBanking.testCases.TC_LoginDDT_002')
data.setCell(3, 3, 4347);
data.setCell(4, 0, 4)
data.setCell(4, 1, 'loginTest')
data.setCell(4, 2, 'com.inetBanking.testCases.TC_LoginTest_001')
data.setCell(4, 3, 3472);
data.setCell(5, 0, 5)
data.setCell(5, 1, 'loginDDT')
data.setCell(5, 2, 'com.inetBanking.testCases.TC_LoginDDT_002')
data.setCell(5, 3, 35);
data.setCell(6, 0, 6)
data.setCell(6, 1, 'loginDDT')
data.setCell(6, 2, 'com.inetBanking.testCases.TC_LoginDDT_002')
data.setCell(6, 3, 30);
window.suiteTableData['InetBankingV1']= { tableData: data, tableDiv: 'times-div-InetBankingV1'}
return data;
}
              </script>
              <span class="suite-total-time">Total running time: 47 seconds</span>
              <div id="times-div-InetBankingV1">
              </div> <!-- times-div-InetBankingV1 -->
            </div> <!-- times-div -->
          </div> <!-- main-panel-content rounded-window-bottom -->
        </div> <!-- panel -->
        <div panel-name="reporter-InetBankingV1" class="panel">
          <div class="main-panel-header rounded-window-top">
            <span class="header-content">Reporter output for InetBankingV1</span>
          </div> <!-- main-panel-header rounded-window-top -->
          <div class="main-panel-content rounded-window-bottom">
          </div> <!-- main-panel-content rounded-window-bottom -->
        </div> <!-- panel -->
        <div panel-name="ignored-methods-InetBankingV1" class="panel">
          <div class="main-panel-header rounded-window-top">
            <span class="header-content">0 ignored methods</span>
          </div> <!-- main-panel-header rounded-window-top -->
          <div class="main-panel-content rounded-window-bottom">
          </div> <!-- main-panel-content rounded-window-bottom -->
        </div> <!-- panel -->
        <div panel-name="chronological-InetBankingV1" class="panel">
          <div class="main-panel-header rounded-window-top">
            <span class="header-content">Methods in chronological order</span>
          </div> <!-- main-panel-header rounded-window-top -->
          <div class="main-panel-content rounded-window-bottom">
            <div class="chronological-class">
              <div class="chronological-class-name">com.inetBanking.testCases.TC_LoginTest_001</div> <!-- chronological-class-name -->
              <div class="configuration-class before">
                <span class="method-name">setUp(chrome)</span>
                <span class="method-start">0 ms</span>
              </div> <!-- configuration-class before -->
              <div class="test-method">
                <span class="method-name">loginTest</span>
                <span class="method-start">10610 ms</span>
              </div> <!-- test-method -->
              <div class="configuration-class after">
                <span class="method-name">tearDown</span>
                <span class="method-start">14122 ms</span>
              </div> <!-- configuration-class after -->
            </div> <!-- chronological-class -->
            <div class="chronological-class">
              <div class="chronological-class-name">com.inetBanking.testCases.TC_LoginDDT_002</div> <!-- chronological-class-name -->
              <div class="configuration-class before">
                <span class="method-name">setUp(chrome)</span>
                <span class="method-start">14980 ms</span>
              </div> <!-- configuration-class before -->
              <div class="test-method">
                <span class="method-name">loginDDT(mngr378387, hUbapAm)</span>
                <span class="method-start">23265 ms</span>
              </div> <!-- test-method -->
              <div class="test-method">
                <img src="failed.png">
                </img>
                <span class="method-name">loginDDT(mngr83460, qAbUzyj)</span>
                <span class="method-start">35782 ms</span>
              </div> <!-- test-method -->
              <div class="test-method">
                <img src="failed.png">
                </img>
                <span class="method-name">loginDDT(mngr137319, bAdYvyb)</span>
                <span class="method-start">40143 ms</span>
              </div> <!-- test-method -->
              <div class="test-method">
                <img src="failed.png">
                </img>
                <span class="method-name">loginDDT(mngr164225, jahetAp)</span>
                <span class="method-start">40182 ms</span>
              </div> <!-- test-method -->
              <div class="test-method">
                <img src="failed.png">
                </img>
                <span class="method-name">loginDDT(mngr112909, tytUreg)</span>
                <span class="method-start">45930 ms</span>
              </div> <!-- test-method -->
              <div class="configuration-class after">
                <span class="method-name">tearDown</span>
                <span class="method-start">45965 ms</span>
              </div> <!-- configuration-class after -->
            </div> <!-- chronological-class -->
            <div class="chronological-class">
              <div class="chronological-class-name">com.inetBanking.testCases.TC_AddCustomerTest_003</div> <!-- chronological-class-name -->
              <div class="configuration-class before">
                <span class="method-name">setUp(chrome)</span>
                <span class="method-start">46840 ms</span>
              </div> <!-- configuration-class before -->
              <div class="test-method">
                <span class="method-name">addNewCustomer</span>
                <span class="method-start">51580 ms</span>
              </div> <!-- test-method -->
              <div class="configuration-class after">
                <span class="method-name">tearDown</span>
                <span class="method-start">72747 ms</span>
              </div> <!-- configuration-class after -->
          </div> <!-- main-panel-content rounded-window-bottom -->
        </div> <!-- panel -->
      </div> <!-- main-panel-root -->
    </div> <!-- wrapper -->
  </body>
</html>
